This is pdfTeX, Version 3.141592653-2.6-1.40.25 (TeX Live 2023/Debian) (preloaded format=pdflatex 2024.11.21)  21 NOV 2024 19:32
entering extended mode
 restricted \write18 enabled.
 file:line:error style messages enabled.
 %&-line parsing enabled.
**"/home/lorenzo/Notes/Information System Security/main.tex"
(/home/lorenzo/Notes/Information System Security/main.tex
LaTeX2e <2023-11-01> patch level 1
L3 programming layer <2024-01-22>
(/usr/share/texlive/texmf-dist/tex/latex/base/report.cls
Document Class: report 2023/05/17 v1.4n Standard LaTeX document class
(/usr/share/texlive/texmf-dist/tex/latex/base/size10.clo
File: size10.clo 2023/05/17 v1.4n Standard LaTeX file (size option)
)
\c@part=\count187
\c@chapter=\count188
\c@section=\count189
\c@subsection=\count190
\c@subsubsection=\count191
\c@paragraph=\count192
\c@subparagraph=\count193
\c@figure=\count194
\c@table=\count195
\abovecaptionskip=\skip48
\belowcaptionskip=\skip49
\bibindent=\dimen140
) (/usr/share/texlive/texmf-dist/tex/latex/tcolorbox/tcolorbox.sty
Package: tcolorbox 2024/01/10 version 6.2.0 text color boxes
 (/usr/share/texlive/texmf-dist/tex/latex/pgf/basiclayer/pgf.sty (/usr/share/texlive/texmf-dist/tex/latex/pgf/utilities/pgfrcs.sty (/usr/share/texlive/texmf-dist/tex/generic/pgf/utilities/pgfutil-common.tex
\pgfutil@everybye=\toks17
\pgfutil@tempdima=\dimen141
\pgfutil@tempdimb=\dimen142
) (/usr/share/texlive/texmf-dist/tex/generic/pgf/utilities/pgfutil-latex.def
\pgfutil@abb=\box51
) (/usr/share/texlive/texmf-dist/tex/generic/pgf/utilities/pgfrcs.code.tex (/usr/share/texlive/texmf-dist/tex/generic/pgf/pgf.revision.tex)
Package: pgfrcs 2023-01-15 v3.1.10 (3.1.10)
))
Package: pgf 2023-01-15 v3.1.10 (3.1.10)
 (/usr/share/texlive/texmf-dist/tex/latex/pgf/basiclayer/pgfcore.sty (/usr/share/texlive/texmf-dist/tex/latex/graphics/graphicx.sty
Package: graphicx 2021/09/16 v1.2d Enhanced LaTeX Graphics (DPC,SPQR)
 (/usr/share/texlive/texmf-dist/tex/latex/graphics/keyval.sty
Package: keyval 2022/05/29 v1.15 key=value parser (DPC)
\KV@toks@=\toks18
) (/usr/share/texlive/texmf-dist/tex/latex/graphics/graphics.sty
Package: graphics 2022/03/10 v1.4e Standard LaTeX Graphics (DPC,SPQR)
 (/usr/share/texlive/texmf-dist/tex/latex/graphics/trig.sty
Package: trig 2021/08/11 v1.11 sin cos tan (DPC)
) (/usr/share/texlive/texmf-dist/tex/latex/graphics-cfg/graphics.cfg
File: graphics.cfg 2016/06/04 v1.11 sample graphics configuration
)
Package graphics Info: Driver file: pdftex.def on input line 107.
 (/usr/share/texlive/texmf-dist/tex/latex/graphics-def/pdftex.def
File: pdftex.def 2022/09/22 v1.2b Graphics/color driver for pdftex
))
\Gin@req@height=\dimen143
\Gin@req@width=\dimen144
) (/usr/share/texlive/texmf-dist/tex/latex/pgf/systemlayer/pgfsys.sty (/usr/share/texlive/texmf-dist/tex/generic/pgf/systemlayer/pgfsys.code.tex
Package: pgfsys 2023-01-15 v3.1.10 (3.1.10)
 (/usr/share/texlive/texmf-dist/tex/generic/pgf/utilities/pgfkeys.code.tex
\pgfkeys@pathtoks=\toks19
\pgfkeys@temptoks=\toks20
 (/usr/share/texlive/texmf-dist/tex/generic/pgf/utilities/pgfkeyslibraryfiltered.code.tex
\pgfkeys@tmptoks=\toks21
))
\pgf@x=\dimen145
\pgf@y=\dimen146
\pgf@xa=\dimen147
\pgf@ya=\dimen148
\pgf@xb=\dimen149
\pgf@yb=\dimen150
\pgf@xc=\dimen151
\pgf@yc=\dimen152
\pgf@xd=\dimen153
\pgf@yd=\dimen154
\w@pgf@writea=\write3
\r@pgf@reada=\read2
\c@pgf@counta=\count196
\c@pgf@countb=\count197
\c@pgf@countc=\count198
\c@pgf@countd=\count199
\t@pgf@toka=\toks22
\t@pgf@tokb=\toks23
\t@pgf@tokc=\toks24
\pgf@sys@id@count=\count266
 (/usr/share/texlive/texmf-dist/tex/generic/pgf/systemlayer/pgf.cfg
File: pgf.cfg 2023-01-15 v3.1.10 (3.1.10)
)
Driver file for pgf: pgfsys-pdftex.def
 (/usr/share/texlive/texmf-dist/tex/generic/pgf/systemlayer/pgfsys-pdftex.def
File: pgfsys-pdftex.def 2023-01-15 v3.1.10 (3.1.10)
 (/usr/share/texlive/texmf-dist/tex/generic/pgf/systemlayer/pgfsys-common-pdf.def
File: pgfsys-common-pdf.def 2023-01-15 v3.1.10 (3.1.10)
))) (/usr/share/texlive/texmf-dist/tex/generic/pgf/systemlayer/pgfsyssoftpath.code.tex
File: pgfsyssoftpath.code.tex 2023-01-15 v3.1.10 (3.1.10)
\pgfsyssoftpath@smallbuffer@items=\count267
\pgfsyssoftpath@bigbuffer@items=\count268
) (/usr/share/texlive/texmf-dist/tex/generic/pgf/systemlayer/pgfsysprotocol.code.tex
File: pgfsysprotocol.code.tex 2023-01-15 v3.1.10 (3.1.10)
)) (/usr/share/texlive/texmf-dist/tex/latex/xcolor/xcolor.sty
Package: xcolor 2023/11/15 v3.01 LaTeX color extensions (UK)
 (/usr/share/texlive/texmf-dist/tex/latex/graphics-cfg/color.cfg
File: color.cfg 2016/01/02 v1.6 sample color configuration
)
Package xcolor Info: Driver file: pdftex.def on input line 274.
 (/usr/share/texlive/texmf-dist/tex/latex/graphics/mathcolor.ltx)
Package xcolor Info: Model `cmy' substituted by `cmy0' on input line 1350.
Package xcolor Info: Model `hsb' substituted by `rgb' on input line 1354.
Package xcolor Info: Model `RGB' extended on input line 1366.
Package xcolor Info: Model `HTML' substituted by `rgb' on input line 1368.
Package xcolor Info: Model `Hsb' substituted by `hsb' on input line 1369.
Package xcolor Info: Model `tHsb' substituted by `hsb' on input line 1370.
Package xcolor Info: Model `HSB' substituted by `hsb' on input line 1371.
Package xcolor Info: Model `Gray' substituted by `gray' on input line 1372.
Package xcolor Info: Model `wave' substituted by `hsb' on input line 1373.
) (/usr/share/texlive/texmf-dist/tex/generic/pgf/basiclayer/pgfcore.code.tex
Package: pgfcore 2023-01-15 v3.1.10 (3.1.10)
 (/usr/share/texlive/texmf-dist/tex/generic/pgf/math/pgfmath.code.tex (/usr/share/texlive/texmf-dist/tex/generic/pgf/math/pgfmathutil.code.tex) (/usr/share/texlive/texmf-dist/tex/generic/pgf/math/pgfmathparser.code.tex
\pgfmath@dimen=\dimen155
\pgfmath@count=\count269
\pgfmath@box=\box52
\pgfmath@toks=\toks25
\pgfmath@stack@operand=\toks26
\pgfmath@stack@operation=\toks27
) (/usr/share/texlive/texmf-dist/tex/generic/pgf/math/pgfmathfunctions.code.tex) (/usr/share/texlive/texmf-dist/tex/generic/pgf/math/pgfmathfunctions.basic.code.tex) (/usr/share/texlive/texmf-dist/tex/generic/pgf/math/pgfmathfunctions.trigonometric.code.tex) (/usr/share/texlive/texmf-dist/tex/generic/pgf/math/pgfmathfunctions.random.code.tex) (/usr/share/texlive/texmf-dist/tex/generic/pgf/math/pgfmathfunctions.comparison.code.tex) (/usr/share/texlive/texmf-dist/tex/generic/pgf/math/pgfmathfunctions.base.code.tex) (/usr/share/texlive/texmf-dist/tex/generic/pgf/math/pgfmathfunctions.round.code.tex) (/usr/share/texlive/texmf-dist/tex/generic/pgf/math/pgfmathfunctions.misc.code.tex) (/usr/share/texlive/texmf-dist/tex/generic/pgf/math/pgfmathfunctions.integerarithmetics.code.tex) (/usr/share/texlive/texmf-dist/tex/generic/pgf/math/pgfmathcalc.code.tex) (/usr/share/texlive/texmf-dist/tex/generic/pgf/math/pgfmathfloat.code.tex
\c@pgfmathroundto@lastzeros=\count270
)) (/usr/share/texlive/texmf-dist/tex/generic/pgf/math/pgfint.code.tex) (/usr/share/texlive/texmf-dist/tex/generic/pgf/basiclayer/pgfcorepoints.code.tex
File: pgfcorepoints.code.tex 2023-01-15 v3.1.10 (3.1.10)
\pgf@picminx=\dimen156
\pgf@picmaxx=\dimen157
\pgf@picminy=\dimen158
\pgf@picmaxy=\dimen159
\pgf@pathminx=\dimen160
\pgf@pathmaxx=\dimen161
\pgf@pathminy=\dimen162
\pgf@pathmaxy=\dimen163
\pgf@xx=\dimen164
\pgf@xy=\dimen165
\pgf@yx=\dimen166
\pgf@yy=\dimen167
\pgf@zx=\dimen168
\pgf@zy=\dimen169
) (/usr/share/texlive/texmf-dist/tex/generic/pgf/basiclayer/pgfcorepathconstruct.code.tex
File: pgfcorepathconstruct.code.tex 2023-01-15 v3.1.10 (3.1.10)
\pgf@path@lastx=\dimen170
\pgf@path@lasty=\dimen171
) (/usr/share/texlive/texmf-dist/tex/generic/pgf/basiclayer/pgfcorepathusage.code.tex
File: pgfcorepathusage.code.tex 2023-01-15 v3.1.10 (3.1.10)
\pgf@shorten@end@additional=\dimen172
\pgf@shorten@start@additional=\dimen173
) (/usr/share/texlive/texmf-dist/tex/generic/pgf/basiclayer/pgfcorescopes.code.tex
File: pgfcorescopes.code.tex 2023-01-15 v3.1.10 (3.1.10)
\pgfpic=\box53
\pgf@hbox=\box54
\pgf@layerbox@main=\box55
\pgf@picture@serial@count=\count271
) (/usr/share/texlive/texmf-dist/tex/generic/pgf/basiclayer/pgfcoregraphicstate.code.tex
File: pgfcoregraphicstate.code.tex 2023-01-15 v3.1.10 (3.1.10)
\pgflinewidth=\dimen174
) (/usr/share/texlive/texmf-dist/tex/generic/pgf/basiclayer/pgfcoretransformations.code.tex
File: pgfcoretransformations.code.tex 2023-01-15 v3.1.10 (3.1.10)
\pgf@pt@x=\dimen175
\pgf@pt@y=\dimen176
\pgf@pt@temp=\dimen177
) (/usr/share/texlive/texmf-dist/tex/generic/pgf/basiclayer/pgfcorequick.code.tex
File: pgfcorequick.code.tex 2023-01-15 v3.1.10 (3.1.10)
) (/usr/share/texlive/texmf-dist/tex/generic/pgf/basiclayer/pgfcoreobjects.code.tex
File: pgfcoreobjects.code.tex 2023-01-15 v3.1.10 (3.1.10)
) (/usr/share/texlive/texmf-dist/tex/generic/pgf/basiclayer/pgfcorepathprocessing.code.tex
File: pgfcorepathprocessing.code.tex 2023-01-15 v3.1.10 (3.1.10)
) (/usr/share/texlive/texmf-dist/tex/generic/pgf/basiclayer/pgfcorearrows.code.tex
File: pgfcorearrows.code.tex 2023-01-15 v3.1.10 (3.1.10)
\pgfarrowsep=\dimen178
) (/usr/share/texlive/texmf-dist/tex/generic/pgf/basiclayer/pgfcoreshade.code.tex
File: pgfcoreshade.code.tex 2023-01-15 v3.1.10 (3.1.10)
\pgf@max=\dimen179
\pgf@sys@shading@range@num=\count272
\pgf@shadingcount=\count273
) (/usr/share/texlive/texmf-dist/tex/generic/pgf/basiclayer/pgfcoreimage.code.tex
File: pgfcoreimage.code.tex 2023-01-15 v3.1.10 (3.1.10)
) (/usr/share/texlive/texmf-dist/tex/generic/pgf/basiclayer/pgfcoreexternal.code.tex
File: pgfcoreexternal.code.tex 2023-01-15 v3.1.10 (3.1.10)
\pgfexternal@startupbox=\box56
) (/usr/share/texlive/texmf-dist/tex/generic/pgf/basiclayer/pgfcorelayers.code.tex
File: pgfcorelayers.code.tex 2023-01-15 v3.1.10 (3.1.10)
) (/usr/share/texlive/texmf-dist/tex/generic/pgf/basiclayer/pgfcoretransparency.code.tex
File: pgfcoretransparency.code.tex 2023-01-15 v3.1.10 (3.1.10)
) (/usr/share/texlive/texmf-dist/tex/generic/pgf/basiclayer/pgfcorepatterns.code.tex
File: pgfcorepatterns.code.tex 2023-01-15 v3.1.10 (3.1.10)
) (/usr/share/texlive/texmf-dist/tex/generic/pgf/basiclayer/pgfcorerdf.code.tex
File: pgfcorerdf.code.tex 2023-01-15 v3.1.10 (3.1.10)
))) (/usr/share/texlive/texmf-dist/tex/generic/pgf/modules/pgfmoduleshapes.code.tex
File: pgfmoduleshapes.code.tex 2023-01-15 v3.1.10 (3.1.10)
\pgfnodeparttextbox=\box57
) (/usr/share/texlive/texmf-dist/tex/generic/pgf/modules/pgfmoduleplot.code.tex
File: pgfmoduleplot.code.tex 2023-01-15 v3.1.10 (3.1.10)
) (/usr/share/texlive/texmf-dist/tex/latex/pgf/compatibility/pgfcomp-version-0-65.sty
Package: pgfcomp-version-0-65 2023-01-15 v3.1.10 (3.1.10)
\pgf@nodesepstart=\dimen180
\pgf@nodesepend=\dimen181
) (/usr/share/texlive/texmf-dist/tex/latex/pgf/compatibility/pgfcomp-version-1-18.sty
Package: pgfcomp-version-1-18 2023-01-15 v3.1.10 (3.1.10)
)) (/usr/share/texlive/texmf-dist/tex/latex/tools/verbatim.sty
Package: verbatim 2023-11-06 v1.5v LaTeX2e package for verbatim enhancements
\every@verbatim=\toks28
\verbatim@line=\toks29
\verbatim@in@stream=\read3
) (/usr/share/texlive/texmf-dist/tex/latex/environ/environ.sty
Package: environ 2014/05/04 v0.3 A new way to define environments
 (/usr/share/texlive/texmf-dist/tex/latex/trimspaces/trimspaces.sty
Package: trimspaces 2009/09/17 v1.1 Trim spaces around a token list
)
\@envbody=\toks30
) (/usr/share/texlive/texmf-dist/tex/latex/etoolbox/etoolbox.sty
Package: etoolbox 2020/10/05 v2.5k e-TeX tools for LaTeX (JAW)
\etb@tempcnta=\count274
)
\tcb@titlebox=\box58
\tcb@upperbox=\box59
\tcb@lowerbox=\box60
\tcb@phantombox=\box61
\c@tcbbreakpart=\count275
\c@tcblayer=\count276
\c@tcolorbox@number=\count277
\l__tcobox_tmpa_box=\box62
\l__tcobox_tmpa_dim=\dimen182
\tcb@temp=\box63
\tcb@temp=\box64
\tcb@temp=\box65
\tcb@temp=\box66
)
\c@tcb@cnt@quotebox=\count278
\c@tcb@cnt@quotebox-yellow=\count279
\c@tcb@cnt@quotebox-grey=\count280
\c@tcb@cnt@quotebox-red=\count281
 (/usr/share/texlive/texmf-dist/tex/latex/base/inputenc.sty
Package: inputenc 2021/02/14 v1.3d Input encoding file
\inpenc@prehook=\toks31
\inpenc@posthook=\toks32
) (/usr/share/texlive/texmf-dist/tex/latex/mdframed/mdframed.sty
Package: mdframed 2013/07/01 1.9b: mdframed
 (/usr/share/texlive/texmf-dist/tex/latex/kvoptions/kvoptions.sty
Package: kvoptions 2022-06-15 v3.15 Key value format for package options (HO)
 (/usr/share/texlive/texmf-dist/tex/generic/ltxcmds/ltxcmds.sty
Package: ltxcmds 2023-12-04 v1.26 LaTeX kernel commands for general use (HO)
) (/usr/share/texlive/texmf-dist/tex/latex/kvsetkeys/kvsetkeys.sty
Package: kvsetkeys 2022-10-05 v1.19 Key value parser (HO)
)) (/usr/share/texlive/texmf-dist/tex/latex/l3packages/xparse/xparse.sty (/usr/share/texlive/texmf-dist/tex/latex/l3kernel/expl3.sty
Package: expl3 2024-01-22 L3 programming layer (loader) 
 (/usr/share/texlive/texmf-dist/tex/latex/l3backend/l3backend-pdftex.def
File: l3backend-pdftex.def 2024-01-04 L3 backend support: PDF output (pdfTeX)
\l__color_backend_stack_int=\count282
\l__pdf_internal_box=\box67
))
Package: xparse 2023-10-10 L3 Experimental document command parser
) (/usr/share/texlive/texmf-dist/tex/latex/zref/zref-abspage.sty
Package: zref-abspage 2023-09-14 v2.35 Module abspage for zref (HO)
 (/usr/share/texlive/texmf-dist/tex/latex/zref/zref-base.sty
Package: zref-base 2023-09-14 v2.35 Module base for zref (HO)
 (/usr/share/texlive/texmf-dist/tex/generic/infwarerr/infwarerr.sty
Package: infwarerr 2019/12/03 v1.5 Providing info/warning/error messages (HO)
) (/usr/share/texlive/texmf-dist/tex/generic/kvdefinekeys/kvdefinekeys.sty
Package: kvdefinekeys 2019-12-19 v1.6 Define keys (HO)
) (/usr/share/texlive/texmf-dist/tex/generic/pdftexcmds/pdftexcmds.sty
Package: pdftexcmds 2020-06-27 v0.33 Utility functions of pdfTeX for LuaTeX (HO)
 (/usr/share/texlive/texmf-dist/tex/generic/iftex/iftex.sty
Package: iftex 2022/02/03 v1.0f TeX engine tests
)
Package pdftexcmds Info: \pdf@primitive is available.
Package pdftexcmds Info: \pdf@ifprimitive is available.
Package pdftexcmds Info: \pdfdraftmode found.
) (/usr/share/texlive/texmf-dist/tex/generic/etexcmds/etexcmds.sty
Package: etexcmds 2019/12/15 v1.7 Avoid name clashes with e-TeX commands (HO)
) (/usr/share/texlive/texmf-dist/tex/latex/auxhook/auxhook.sty
Package: auxhook 2019-12-17 v1.6 Hooks for auxiliary files (HO)
)
Package zref Info: New property list: main on input line 767.
Package zref Info: New property: default on input line 768.
Package zref Info: New property: page on input line 769.
)
\c@abspage=\count283
Package zref Info: New property: abspage on input line 67.
) (/usr/share/texlive/texmf-dist/tex/latex/needspace/needspace.sty
Package: needspace 2010/09/12 v1.3d reserve vertical space
)
\mdf@templength=\skip50
\c@mdf@globalstyle@cnt=\count284
\mdf@skipabove@length=\skip51
\mdf@skipbelow@length=\skip52
\mdf@leftmargin@length=\skip53
\mdf@rightmargin@length=\skip54
\mdf@innerleftmargin@length=\skip55
\mdf@innerrightmargin@length=\skip56
\mdf@innertopmargin@length=\skip57
\mdf@innerbottommargin@length=\skip58
\mdf@splittopskip@length=\skip59
\mdf@splitbottomskip@length=\skip60
\mdf@outermargin@length=\skip61
\mdf@innermargin@length=\skip62
\mdf@linewidth@length=\skip63
\mdf@innerlinewidth@length=\skip64
\mdf@middlelinewidth@length=\skip65
\mdf@outerlinewidth@length=\skip66
\mdf@roundcorner@length=\skip67
\mdf@footenotedistance@length=\skip68
\mdf@userdefinedwidth@length=\skip69
\mdf@needspace@length=\skip70
\mdf@frametitleaboveskip@length=\skip71
\mdf@frametitlebelowskip@length=\skip72
\mdf@frametitlerulewidth@length=\skip73
\mdf@frametitleleftmargin@length=\skip74
\mdf@frametitlerightmargin@length=\skip75
\mdf@shadowsize@length=\skip76
\mdf@extratopheight@length=\skip77
\mdf@subtitleabovelinewidth@length=\skip78
\mdf@subtitlebelowlinewidth@length=\skip79
\mdf@subtitleaboveskip@length=\skip80
\mdf@subtitlebelowskip@length=\skip81
\mdf@subtitleinneraboveskip@length=\skip82
\mdf@subtitleinnerbelowskip@length=\skip83
\mdf@subsubtitleabovelinewidth@length=\skip84
\mdf@subsubtitlebelowlinewidth@length=\skip85
\mdf@subsubtitleaboveskip@length=\skip86
\mdf@subsubtitlebelowskip@length=\skip87
\mdf@subsubtitleinneraboveskip@length=\skip88
\mdf@subsubtitleinnerbelowskip@length=\skip89
 (/usr/share/texlive/texmf-dist/tex/latex/mdframed/md-frame-0.mdf
File: md-frame-0.mdf 2013/07/01\ 1.9b: md-frame-0
)
\mdf@frametitlebox=\box68
\mdf@footnotebox=\box69
\mdf@splitbox@one=\box70
\mdf@splitbox@two=\box71
\mdf@splitbox@save=\box72
\mdfsplitboxwidth=\skip90
\mdfsplitboxtotalwidth=\skip91
\mdfsplitboxheight=\skip92
\mdfsplitboxdepth=\skip93
\mdfsplitboxtotalheight=\skip94
\mdfframetitleboxwidth=\skip95
\mdfframetitleboxtotalwidth=\skip96
\mdfframetitleboxheight=\skip97
\mdfframetitleboxdepth=\skip98
\mdfframetitleboxtotalheight=\skip99
\mdffootnoteboxwidth=\skip100
\mdffootnoteboxtotalwidth=\skip101
\mdffootnoteboxheight=\skip102
\mdffootnoteboxdepth=\skip103
\mdffootnoteboxtotalheight=\skip104
\mdftotallinewidth=\skip105
\mdfboundingboxwidth=\skip106
\mdfboundingboxtotalwidth=\skip107
\mdfboundingboxheight=\skip108
\mdfboundingboxdepth=\skip109
\mdfboundingboxtotalheight=\skip110
\mdf@freevspace@length=\skip111
\mdf@horizontalwidthofbox@length=\skip112
\mdf@verticalmarginwhole@length=\skip113
\mdf@horizontalspaceofbox=\skip114
\mdfsubtitleheight=\skip115
\mdfsubsubtitleheight=\skip116
\c@mdfcountframes=\count285

****** mdframed patching \endmdf@trivlist

****** -- success******

\mdf@envdepth=\count286
\c@mdf@env@i=\count287
\c@mdf@env@ii=\count288
\c@mdf@zref@counter=\count289
Package zref Info: New property: mdf@pagevalue on input line 895.
) (/usr/share/texlive/texmf-dist/tex/latex/geometry/geometry.sty
Package: geometry 2020/01/02 v5.9 Page Geometry
 (/usr/share/texlive/texmf-dist/tex/generic/iftex/ifvtex.sty
Package: ifvtex 2019/10/25 v1.7 ifvtex legacy package. Use iftex instead.
)
\Gm@cnth=\count290
\Gm@cntv=\count291
\c@Gm@tempcnt=\count292
\Gm@bindingoffset=\dimen183
\Gm@wd@mp=\dimen184
\Gm@odd@mp=\dimen185
\Gm@even@mp=\dimen186
\Gm@layoutwidth=\dimen187
\Gm@layoutheight=\dimen188
\Gm@layouthoffset=\dimen189
\Gm@layoutvoffset=\dimen190
\Gm@dimlist=\toks33
) (/usr/share/texlive/texmf-dist/tex/latex/koma-script/scrextend.sty
Package: scrextend 2023/07/07 v3.41 KOMA-Script package (extend other classes with features of KOMA-Script classes)
 (/usr/share/texlive/texmf-dist/tex/latex/koma-script/scrkbase.sty
Package: scrkbase 2023/07/07 v3.41 KOMA-Script package (KOMA-Script-dependent basics and keyval usage)
 (/usr/share/texlive/texmf-dist/tex/latex/koma-script/scrbase.sty
Package: scrbase 2023/07/07 v3.41 KOMA-Script package (KOMA-Script-independent basics and keyval usage)
 (/usr/share/texlive/texmf-dist/tex/latex/koma-script/scrlfile.sty
Package: scrlfile 2023/07/07 v3.41 KOMA-Script package (file load hooks)
 (/usr/share/texlive/texmf-dist/tex/latex/koma-script/scrlfile-hook.sty
Package: scrlfile-hook 2023/07/07 v3.41 KOMA-Script package (using LaTeX hooks)
 (/usr/share/texlive/texmf-dist/tex/latex/koma-script/scrlogo.sty
Package: scrlogo 2023/07/07 v3.41 KOMA-Script package (logo)
)))
Applying: [2021/05/01] Usage of raw or classic option list on input line 252.
Already applied: [0000/00/00] Usage of raw or classic option list on input line 368.
))) (/usr/share/texlive/texmf-dist/tex/generic/babel/babel.sty
Package: babel 2024/01/07 v24.1 The Babel package
\babel@savecnt=\count293
\U@D=\dimen191
\l@unhyphenated=\language89
 (/usr/share/texlive/texmf-dist/tex/generic/babel/txtbabel.def)
\bbl@readstream=\read4
\bbl@dirlevel=\count294
 (/usr/share/texlive/texmf-dist/tex/generic/babel-english/english.ldf
Language: english 2017/06/06 v3.3r English support from the babel system
Package babel Info: Hyphen rules for 'canadian' set to \l@english
(babel)             (\language0). Reported on input line 102.
Package babel Info: Hyphen rules for 'australian' set to \l@ukenglish
(babel)             (\language57). Reported on input line 105.
Package babel Info: Hyphen rules for 'newzealand' set to \l@ukenglish
(babel)             (\language57). Reported on input line 108.
)) (/usr/share/texlive/texmf-dist/tex/generic/babel/locale/en/babel-english.tex
Package babel Info: Importing font and identification data for english
(babel)             from babel-en.ini. Reported on input line 11.
) (/usr/share/texlive/texmf-dist/tex/latex/babelbib/babelbib.sty
Package: babelbib 2021/01/06 v1.34 babelbib: multilingual bibliographies
\c@btxromaniannumeral=\count295
) (/usr/share/texlive/texmf-dist/tex/latex/base/fontenc.sty
Package: fontenc 2021/04/29 v2.0v Standard LaTeX package
) (/usr/share/texlive/texmf-dist/tex/latex/fancyhdr/fancyhdr.sty
Package: fancyhdr 2022/11/09 v4.1 Extensive control of page headers and footers
\f@nch@headwidth=\skip117
\f@nch@O@elh=\skip118
\f@nch@O@erh=\skip119
\f@nch@O@olh=\skip120
\f@nch@O@orh=\skip121
\f@nch@O@elf=\skip122
\f@nch@O@erf=\skip123
\f@nch@O@olf=\skip124
\f@nch@O@orf=\skip125
) (/usr/share/texlive/texmf-dist/tex/latex/float/float.sty
Package: float 2001/11/08 v1.3d Float enhancements (AL)
\c@float@type=\count296
\float@exts=\toks34
\float@box=\box73
\@float@everytoks=\toks35
\@floatcapt=\box74
) (/usr/share/texlive/texmf-dist/tex/latex/amsfonts/amssymb.sty
Package: amssymb 2013/01/14 v3.01 AMS font symbols
 (/usr/share/texlive/texmf-dist/tex/latex/amsfonts/amsfonts.sty
Package: amsfonts 2013/01/14 v3.01 Basic AMSFonts support
\@emptytoks=\toks36
\symAMSa=\mathgroup4
\symAMSb=\mathgroup5
LaTeX Font Info:    Redeclaring math symbol \hbar on input line 98.
LaTeX Font Info:    Overwriting math alphabet `\mathfrak' in version `bold'
(Font)                  U/euf/m/n --> U/euf/b/n on input line 106.
)) (/usr/share/texlive/texmf-dist/tex/latex/amsmath/amsmath.sty
Package: amsmath 2023/05/13 v2.17o AMS math features
\@mathmargin=\skip126

For additional information on amsmath, use the `?' option.
(/usr/share/texlive/texmf-dist/tex/latex/amsmath/amstext.sty
Package: amstext 2021/08/26 v2.01 AMS text
 (/usr/share/texlive/texmf-dist/tex/latex/amsmath/amsgen.sty
File: amsgen.sty 1999/11/30 v2.0 generic functions
\@emptytoks=\toks37
\ex@=\dimen192
)) (/usr/share/texlive/texmf-dist/tex/latex/amsmath/amsbsy.sty
Package: amsbsy 1999/11/29 v1.2d Bold Symbols
\pmbraise@=\dimen193
) (/usr/share/texlive/texmf-dist/tex/latex/amsmath/amsopn.sty
Package: amsopn 2022/04/08 v2.04 operator names
)
\inf@bad=\count297
LaTeX Info: Redefining \frac on input line 234.
\uproot@=\count298
\leftroot@=\count299
LaTeX Info: Redefining \overline on input line 399.
LaTeX Info: Redefining \colon on input line 410.
\classnum@=\count300
\DOTSCASE@=\count301
LaTeX Info: Redefining \ldots on input line 496.
LaTeX Info: Redefining \dots on input line 499.
LaTeX Info: Redefining \cdots on input line 620.
\Mathstrutbox@=\box75
\strutbox@=\box76
LaTeX Info: Redefining \big on input line 722.
LaTeX Info: Redefining \Big on input line 723.
LaTeX Info: Redefining \bigg on input line 724.
LaTeX Info: Redefining \Bigg on input line 725.
\big@size=\dimen194
LaTeX Font Info:    Redeclaring font encoding OML on input line 743.
LaTeX Font Info:    Redeclaring font encoding OMS on input line 744.
\macc@depth=\count302
LaTeX Info: Redefining \bmod on input line 905.
LaTeX Info: Redefining \pmod on input line 910.
LaTeX Info: Redefining \smash on input line 940.
LaTeX Info: Redefining \relbar on input line 970.
LaTeX Info: Redefining \Relbar on input line 971.
\c@MaxMatrixCols=\count303
\dotsspace@=\muskip16
\c@parentequation=\count304
\dspbrk@lvl=\count305
\tag@help=\toks38
\row@=\count306
\column@=\count307
\maxfields@=\count308
\andhelp@=\toks39
\eqnshift@=\dimen195
\alignsep@=\dimen196
\tagshift@=\dimen197
\tagwidth@=\dimen198
\totwidth@=\dimen199
\lineht@=\dimen256
\@envbody=\toks40
\multlinegap=\skip127
\multlinetaggap=\skip128
\mathdisplay@stack=\toks41
LaTeX Info: Redefining \[ on input line 2953.
LaTeX Info: Redefining \] on input line 2954.
) (/usr/share/texlive/texmf-dist/tex/latex/amscls/amsthm.sty
Package: amsthm 2020/05/29 v2.20.6
\thm@style=\toks42
\thm@bodyfont=\toks43
\thm@headfont=\toks44
\thm@notefont=\toks45
\thm@headpunct=\toks46
\thm@preskip=\skip129
\thm@postskip=\skip130
\thm@headsep=\skip131
\dth@everypar=\toks47
) (/usr/share/texlive/texmf-dist/tex/latex/graphics/dvipsnam.def
File: dvipsnam.def 2016/06/17 v3.0m Driver-dependent file (DPC,SPQR)
) (/usr/share/texlive/texmf-dist/tex/latex/listings/listings.sty
\lst@mode=\count309
\lst@gtempboxa=\box77
\lst@token=\toks48
\lst@length=\count310
\lst@currlwidth=\dimen257
\lst@column=\count311
\lst@pos=\count312
\lst@lostspace=\dimen258
\lst@width=\dimen259
\lst@newlines=\count313
\lst@lineno=\count314
\lst@maxwidth=\dimen260
 (/usr/share/texlive/texmf-dist/tex/latex/listings/lstmisc.sty
File: lstmisc.sty 2023/02/27 1.9 (Carsten Heinz)
\c@lstnumber=\count315
\lst@skipnumbers=\count316
\lst@framebox=\box78
) (/usr/share/texlive/texmf-dist/tex/latex/listings/listings.cfg
File: listings.cfg 2023/02/27 1.9 listings configuration
))
Package: listings 2023/02/27 1.9 (Carsten Heinz)
 (/usr/share/texlive/texmf-dist/tex/latex/hyperref/hyperref.sty
Package: hyperref 2024-01-20 v7.01h Hypertext links for LaTeX
 (/usr/share/texlive/texmf-dist/tex/generic/pdfescape/pdfescape.sty
Package: pdfescape 2019/12/09 v1.15 Implements pdfTeX's escape features (HO)
) (/usr/share/texlive/texmf-dist/tex/latex/hycolor/hycolor.sty
Package: hycolor 2020-01-27 v1.10 Color options for hyperref/bookmark (HO)
) (/usr/share/texlive/texmf-dist/tex/latex/hyperref/nameref.sty
Package: nameref 2023-11-26 v2.56 Cross-referencing by name of section
 (/usr/share/texlive/texmf-dist/tex/latex/refcount/refcount.sty
Package: refcount 2019/12/15 v3.6 Data extraction from label references (HO)
) (/usr/share/texlive/texmf-dist/tex/generic/gettitlestring/gettitlestring.sty
Package: gettitlestring 2019/12/15 v1.6 Cleanup title references (HO)
)
\c@section@level=\count317
)
\@linkdim=\dimen261
\Hy@linkcounter=\count318
\Hy@pagecounter=\count319
 (/usr/share/texlive/texmf-dist/tex/latex/hyperref/pd1enc.def
File: pd1enc.def 2024-01-20 v7.01h Hyperref: PDFDocEncoding definition (HO)
Now handling font encoding PD1 ...
... no UTF-8 mapping file for font encoding PD1
) (/usr/share/texlive/texmf-dist/tex/generic/intcalc/intcalc.sty
Package: intcalc 2019/12/15 v1.3 Expandable calculations with integers (HO)
)
\Hy@SavedSpaceFactor=\count320
 (/usr/share/texlive/texmf-dist/tex/latex/hyperref/puenc.def
File: puenc.def 2024-01-20 v7.01h Hyperref: PDF Unicode definition (HO)
Now handling font encoding PU ...
... no UTF-8 mapping file for font encoding PU
)
Package hyperref Info: Hyper figures OFF on input line 4179.
Package hyperref Info: Link nesting OFF on input line 4184.
Package hyperref Info: Hyper index ON on input line 4187.
Package hyperref Info: Plain pages OFF on input line 4194.
Package hyperref Info: Backreferencing OFF on input line 4199.
Package hyperref Info: Implicit mode ON; LaTeX internals redefined.
Package hyperref Info: Bookmarks ON on input line 4446.
\c@Hy@tempcnt=\count321
 (/usr/share/texlive/texmf-dist/tex/latex/url/url.sty
\Urlmuskip=\muskip17
Package: url 2013/09/16  ver 3.4  Verb mode for urls, etc.
)
LaTeX Info: Redefining \url on input line 4784.
\XeTeXLinkMargin=\dimen262
 (/usr/share/texlive/texmf-dist/tex/generic/bitset/bitset.sty
Package: bitset 2019/12/09 v1.3 Handle bit-vector datatype (HO)
 (/usr/share/texlive/texmf-dist/tex/generic/bigintcalc/bigintcalc.sty
Package: bigintcalc 2019/12/15 v1.5 Expandable calculations on big integers (HO)
))
\Fld@menulength=\count322
\Field@Width=\dimen263
\Fld@charsize=\dimen264
Package hyperref Info: Hyper figures OFF on input line 6063.
Package hyperref Info: Link nesting OFF on input line 6068.
Package hyperref Info: Hyper index ON on input line 6071.
Package hyperref Info: backreferencing OFF on input line 6078.
Package hyperref Info: Link coloring OFF on input line 6083.
Package hyperref Info: Link coloring with OCG OFF on input line 6088.
Package hyperref Info: PDF/A mode OFF on input line 6093.
 (/usr/share/texlive/texmf-dist/tex/latex/base/atbegshi-ltx.sty
Package: atbegshi-ltx 2021/01/10 v1.0c Emulation of the original atbegshi
package with kernel methods
)
\Hy@abspage=\count323
\c@Item=\count324
\c@Hfootnote=\count325
)
Package hyperref Info: Driver (autodetected): hpdftex.
 (/usr/share/texlive/texmf-dist/tex/latex/hyperref/hpdftex.def
File: hpdftex.def 2024-01-20 v7.01h Hyperref driver for pdfTeX
 (/usr/share/texlive/texmf-dist/tex/latex/base/atveryend-ltx.sty
Package: atveryend-ltx 2020/08/19 v1.0a Emulation of the original atveryend package
with kernel methods
)
\HyAnn@Count=\count326
\Fld@listcount=\count327
\c@bookmark@seq@number=\count328
 (/usr/share/texlive/texmf-dist/tex/latex/rerunfilecheck/rerunfilecheck.sty
Package: rerunfilecheck 2022-07-10 v1.10 Rerun checks for auxiliary files (HO)
 (/usr/share/texlive/texmf-dist/tex/generic/uniquecounter/uniquecounter.sty
Package: uniquecounter 2019/12/15 v1.4 Provide unlimited unique counter (HO)
)
Package uniquecounter Info: New unique counter `rerunfilecheck' on input line 285.
)
\Hy@SectionHShift=\skip132
) (/usr/share/texlive/texmf-dist/tex/generic/ulem/ulem.sty
\UL@box=\box79
\UL@hyphenbox=\box80
\UL@skip=\skip133
\UL@hook=\toks49
\UL@height=\dimen265
\UL@pe=\count329
\UL@pixel=\dimen266
\ULC@box=\box81
Package: ulem 2019/11/18
\ULdepth=\dimen267
) (/usr/share/texlive/texmf-dist/tex/latex/tools/multicol.sty
Package: multicol 2023/03/30 v1.9f multicolumn formatting (FMi)
\c@tracingmulticols=\count330
\mult@box=\box82
\multicol@leftmargin=\dimen268
\c@unbalance=\count331
\c@collectmore=\count332
\doublecol@number=\count333
\multicoltolerance=\count334
\multicolpretolerance=\count335
\full@width=\dimen269
\page@free=\dimen270
\premulticols=\dimen271
\postmulticols=\dimen272
\multicolsep=\skip134
\multicolbaselineskip=\skip135
\partial@page=\box83
\last@line=\box84
\mc@boxedresult=\box85
\maxbalancingoverflow=\dimen273
\mult@rightbox=\box86
\mult@grightbox=\box87
\mult@firstbox=\box88
\mult@gfirstbox=\box89
\@tempa=\box90
\@tempa=\box91
\@tempa=\box92
\@tempa=\box93
\@tempa=\box94
\@tempa=\box95
\@tempa=\box96
\@tempa=\box97
\@tempa=\box98
\@tempa=\box99
\@tempa=\box100
\@tempa=\box101
\@tempa=\box102
\@tempa=\box103
\@tempa=\box104
\@tempa=\box105
\@tempa=\box106
\@tempa=\box107
\@tempa=\box108
\@tempa=\box109
\@tempa=\box110
\@tempa=\box111
\@tempa=\box112
\@tempa=\box113
\@tempa=\box114
\@tempa=\box115
\@tempa=\box116
\@tempa=\box117
\@tempa=\box118
\@tempa=\box119
\@tempa=\box120
\@tempa=\box121
\@tempa=\box122
\@tempa=\box123
\@tempa=\box124
\@tempa=\box125
\c@minrows=\count336
\c@columnbadness=\count337
\c@finalcolumnbadness=\count338
\last@try=\dimen274
\multicolovershoot=\dimen275
\multicolundershoot=\dimen276
\mult@nat@firstbox=\box126
\colbreak@box=\box127
\mc@col@check@num=\count339
)
Package hyperref Info: Option `colorlinks' set `true' on input line 174.
\c@definition=\count340
\c@theorem=\count341
 (./main.aux (./chapters/prova.aux) (./chapters/firewall.aux))
\openout1 = `main.aux'.

LaTeX Font Info:    Checking defaults for OML/cmm/m/it on input line 191.
LaTeX Font Info:    ... okay on input line 191.
LaTeX Font Info:    Checking defaults for OMS/cmsy/m/n on input line 191.
LaTeX Font Info:    ... okay on input line 191.
LaTeX Font Info:    Checking defaults for OT1/cmr/m/n on input line 191.
LaTeX Font Info:    ... okay on input line 191.
LaTeX Font Info:    Checking defaults for T1/cmr/m/n on input line 191.
LaTeX Font Info:    ... okay on input line 191.
LaTeX Font Info:    Checking defaults for TS1/cmr/m/n on input line 191.
LaTeX Font Info:    ... okay on input line 191.
LaTeX Font Info:    Checking defaults for OMX/cmex/m/n on input line 191.
LaTeX Font Info:    ... okay on input line 191.
LaTeX Font Info:    Checking defaults for U/cmr/m/n on input line 191.
LaTeX Font Info:    ... okay on input line 191.
LaTeX Font Info:    Checking defaults for PD1/pdf/m/n on input line 191.
LaTeX Font Info:    ... okay on input line 191.
LaTeX Font Info:    Checking defaults for PU/pdf/m/n on input line 191.
LaTeX Font Info:    ... okay on input line 191.
 (/usr/share/texlive/texmf-dist/tex/context/base/mkii/supp-pdf.mkii
[Loading MPS to PDF converter (version 2006.09.02).]
\scratchcounter=\count342
\scratchdimen=\dimen277
\scratchbox=\box128
\nofMPsegments=\count343
\nofMParguments=\count344
\everyMPshowfont=\toks50
\MPscratchCnt=\count345
\MPscratchDim=\dimen278
\MPnumerator=\count346
\makeMPintoPDFobject=\count347
\everyMPtoPDFconversion=\toks51
) (/usr/share/texlive/texmf-dist/tex/latex/epstopdf-pkg/epstopdf-base.sty
Package: epstopdf-base 2020-01-24 v2.11 Base part for package epstopdf
Package epstopdf-base Info: Redefining graphics rule for `.eps' on input line 485.
 (/usr/share/texlive/texmf-dist/tex/latex/latexconfig/epstopdf-sys.cfg
File: epstopdf-sys.cfg 2010/07/13 v1.3 Configuration of (r)epstopdf for TeX Live
))
*geometry* driver: auto-detecting
*geometry* detected driver: pdftex
*geometry* verbose mode - [ preamble ] result:
* driver: pdftex
* paper: a4paper
* layout: <same size as paper>
* layoutoffset:(h,v)=(0.0pt,0.0pt)
* modes: twoside 
* h-part:(L,W,R)=(42.67912pt, 512.14963pt, 42.67912pt)
* v-part:(T,H,B)=(56.9055pt, 745.46222pt, 42.67912pt)
* \paperwidth=597.50787pt
* \paperheight=845.04684pt
* \textwidth=512.14963pt
* \textheight=745.46222pt
* \oddsidemargin=-29.59087pt
* \evensidemargin=-29.59087pt
* \topmargin=-52.36449pt
* \headheight=16.0pt
* \headsep=25.0pt
* \topskip=10.0pt
* \footskip=30.0pt
* \marginparwidth=121.0pt
* \marginparsep=11.0pt
* \columnsep=10.0pt
* \skip\footins=8.09998pt plus 3.5996pt minus 1.80037pt
* \hoffset=0.0pt
* \voffset=0.0pt
* \mag=1000
* \@twocolumnfalse
* \@twosidetrue
* \@mparswitchtrue
* \@reversemarginfalse
* (1in=72.27pt=25.4mm, 1cm=28.453pt)

babelbib: Set bibliography fall-back language to english
babelbib: english.bdf loaded because language english defined.
(/usr/share/texlive/texmf-dist/tex/latex/babelbib/english.bdf
File: english.bdf 2021/01/06 v1.34 babelbib: multilingual bibliographies

babelbib extension \btxifchangecaseon added to \extrasenglish
)
babelbib: Load BibTeX extensions \bibsenglish for english
babelbib: Set language for keywords in the bibliography fixed to english
\c@lstlisting=\count348
Package hyperref Info: Link coloring ON on input line 191.
(./main.out) (./main.out)
\@outlinefile=\write4
\openout4 = `main.out'.



LaTeX Font Warning: Font shape `T1/cmr/m/n' in size <15.55197> not available
(Font)              size <14.4> substituted on input line 194.

LaTeX Font Info:    Calculating math sizes for size <10.79997> on input line 194.

LaTeX Font Warning: Font shape `OT1/cmr/m/n' in size <7.55994> not available
(Font)              size <8> substituted on input line 194.


LaTeX Font Warning: Font shape `OML/cmm/m/it' in size <7.55994> not available
(Font)              size <8> substituted on input line 194.


LaTeX Font Warning: Font shape `OMS/cmsy/m/n' in size <7.55994> not available
(Font)              size <8> substituted on input line 194.

LaTeX Font Info:    Trying to load font information for U+msa on input line 194.
(/usr/share/texlive/texmf-dist/tex/latex/amsfonts/umsa.fd
File: umsa.fd 2013/01/14 v3.01 AMS symbols A
)
LaTeX Font Info:    Trying to load font information for U+msb on input line 194.
 (/usr/share/texlive/texmf-dist/tex/latex/amsfonts/umsb.fd
File: umsb.fd 2013/01/14 v3.01 AMS symbols B
) [1

{/var/lib/texmf/fonts/map/pdftex/updmap/pdftex.map}{/usr/share/texmf/fonts/enc/dvips/cm-super/cm-super-t1.enc}]

LaTeX Font Warning: Font shape `T1/cmr/m/n' in size <22.39206> not available
(Font)              size <20.74> substituted on input line 194.


LaTeX Font Warning: Font shape `T1/cmr/bx/n' in size <22.39206> not available
(Font)              size <20.74> substituted on input line 194.

(./main.toc)
\tf@toc=\write5
\openout5 = `main.toc'.

 [2

]
\openout2 = `chapters/prova.aux'.

 (./chapters/prova.tex
Chapter 1.

LaTeX Font Warning: Font shape `T1/cmr/m/n' in size <18.66605> not available
(Font)              size <17.28> substituted on input line 1.


LaTeX Font Warning: Font shape `T1/cmr/bx/n' in size <18.66605> not available
(Font)              size <17.28> substituted on input line 1.


LaTeX Font Warning: Font shape `T1/cmr/m/n' in size <12.96002> not available
(Font)              size <12> substituted on input line 17.


LaTeX Font Warning: Font shape `T1/cmr/bx/n' in size <12.96002> not available
(Font)              size <12> substituted on input line 17.

</home/lorenzo/Notes/Information System Security/images/Screenshot from 2024-11-13 20-29-06.png, id=243, 859.21pt x 512.91624pt>
File: /home/lorenzo/Notes/Information System Security/images/Screenshot from 2024-11-13 20-29-06.png Graphic file (type png)
<use /home/lorenzo/Notes/Information System Security/images/Screenshot from 2024-11-13 20-29-06.png>
Package pdftex.def Info: /home/lorenzo/Notes/Information System Security/images/Screenshot from 2024-11-13 20-29-06.png  used on input line 51.
(pdftex.def)             Requested size: 256.07481pt x 152.86644pt.
[3


{/usr/share/texmf/fonts/enc/dvips/cm-super/cm-super-ts1.enc}]
</home/lorenzo/Notes/Information System Security/images/Screenshot from 2024-11-14 11-06-55.png, id=255, 538.01pt x 168.63pt>
File: /home/lorenzo/Notes/Information System Security/images/Screenshot from 2024-11-14 11-06-55.png Graphic file (type png)
<use /home/lorenzo/Notes/Information System Security/images/Screenshot from 2024-11-14 11-06-55.png>
Package pdftex.def Info: /home/lorenzo/Notes/Information System Security/images/Screenshot from 2024-11-14 11-06-55.png  used on input line 79.
(pdftex.def)             Requested size: 256.07481pt x 80.26218pt.

Overfull \hbox (32.56285pt too wide) in paragraph at lines 68--81
$[]$   $[]$ 
 []

</home/lorenzo/Notes/Information System Security/images/Screenshot from 2024-11-14 11-09-10.png, id=256, 538.01pt x 205.76875pt>
File: /home/lorenzo/Notes/Information System Security/images/Screenshot from 2024-11-14 11-09-10.png Graphic file (type png)
<use /home/lorenzo/Notes/Information System Security/images/Screenshot from 2024-11-14 11-09-10.png>
Package pdftex.def Info: /home/lorenzo/Notes/Information System Security/images/Screenshot from 2024-11-14 11-09-10.png  used on input line 98.
(pdftex.def)             Requested size: 256.07481pt x 97.93896pt.

Overfull \hbox (32.56285pt too wide) in paragraph at lines 85--100
$[]$   $[]$ 
 []


Overfull \hbox (15.0pt too wide) in paragraph at lines 115--115
[][] 
 []

[4 </home/lorenzo/Notes/Information System Security/images/Screenshot from 2024-11-13 20-29-06.png> </home/lorenzo/Notes/Information System Security/images/Screenshot from 2024-11-14 11-06-55.png> </home/lorenzo/Notes/Information System Security/images/Screenshot from 2024-11-14 11-09-10.png>]
Overfull \hbox (15.0pt too wide) in paragraph at lines 128--128
[][] 
 []


Overfull \hbox (15.0pt too wide) in paragraph at lines 147--147
[][] 
 []

[5]
pdfTeX warning (ext4): destination with the same identifier (name{tcb@cnt@quotebox-red.1}) has been already used, duplicate ignored
<to be read again> 
                   \relax 
l.173     \begin{quotebox-red}{Attack}
                                      
</home/lorenzo/Notes/Information System Security/images/Screenshot from 2024-11-14 11-51-24.png, id=283, 463.7325pt x 124.465pt>
File: /home/lorenzo/Notes/Information System Security/images/Screenshot from 2024-11-14 11-51-24.png Graphic file (type png)
<use /home/lorenzo/Notes/Information System Security/images/Screenshot from 2024-11-14 11-51-24.png>
Package pdftex.def Info: /home/lorenzo/Notes/Information System Security/images/Screenshot from 2024-11-14 11-51-24.png  used on input line 175.
(pdftex.def)             Requested size: 187.32707pt x 50.2789pt.

Underfull \hbox (badness 10000) in paragraph at lines 181--205

 []


Overfull \hbox (18.33647pt too wide) in paragraph at lines 181--205
[]   [] 
 []


pdfTeX warning (ext4): destination with the same identifier (name{tcb@cnt@quotebox-yellow.1}) has been already used, duplicate ignored
<to be read again> 
                   \relax 
l.206 \begin{quotebox-yellow}{The Linkedin attack}
                                                  
Overfull \hbox (15.0pt too wide) in paragraph at lines 208--208
[][] 
 []


Overfull \hbox (15.0pt too wide) in paragraph at lines 225--225
[][] 
 []


Overfull \hbox (15.0pt too wide) in paragraph at lines 231--231
[][] 
 []

</home/lorenzo/Notes/Information System Security/images/Screenshot from 2024-11-14 18-31-56.png, id=284, 856.19875pt x 303.1325pt>
File: /home/lorenzo/Notes/Information System Security/images/Screenshot from 2024-11-14 18-31-56.png Graphic file (type png)
<use /home/lorenzo/Notes/Information System Security/images/Screenshot from 2024-11-14 18-31-56.png>
Package pdftex.def Info: /home/lorenzo/Notes/Information System Security/images/Screenshot from 2024-11-14 18-31-56.png  used on input line 251.
(pdftex.def)             Requested size: 250.95113pt x 88.84512pt.

Overfull \hbox (4.13873pt too wide) in paragraph at lines 243--253
$[]$   $[]$ 
 []

[6 </home/lorenzo/Notes/Information System Security/images/Screenshot from 2024-11-14 11-51-24.png>]
</home/lorenzo/Notes/Information System Security/images/Screenshot from 2024-11-15 11-52-51.png, id=294, 635.37375pt x 322.20375pt>
File: /home/lorenzo/Notes/Information System Security/images/Screenshot from 2024-11-15 11-52-51.png Graphic file (type png)
<use /home/lorenzo/Notes/Information System Security/images/Screenshot from 2024-11-15 11-52-51.png>
Package pdftex.def Info: /home/lorenzo/Notes/Information System Security/images/Screenshot from 2024-11-15 11-52-51.png  used on input line 270.
(pdftex.def)             Requested size: 179.25159pt x 90.89981pt.

Overfull \hbox (4.1101pt too wide) in paragraph at lines 259--272
$[]$   $[]$ 
 []

</home/lorenzo/Notes/Information System Security/images/Screenshot from 2024-11-15 12-04-56.png, id=295, 533.995pt x 272.01625pt>
File: /home/lorenzo/Notes/Information System Security/images/Screenshot from 2024-11-15 12-04-56.png Graphic file (type png)
<use /home/lorenzo/Notes/Information System Security/images/Screenshot from 2024-11-15 12-04-56.png>
Package pdftex.def Info: /home/lorenzo/Notes/Information System Security/images/Screenshot from 2024-11-15 12-04-56.png  used on input line 286.
(pdftex.def)             Requested size: 179.25159pt x 91.30966pt.

Overfull \hbox (4.1101pt too wide) in paragraph at lines 274--288
$[]$   $[]$ 
 []


pdfTeX warning (ext4): destination with the same identifier (name{tcb@cnt@quotebox.1}) has been already used, duplicate ignored
<to be read again> 
                   \relax 
l.290 ...!5!white]{Attack on Mutual Symmetric CRA}
                                                  
</home/lorenzo/Notes/Information System Security/images/Screenshot from 2024-11-15 12-09-09.png, id=296, 483.8075pt x 303.1325pt>
File: /home/lorenzo/Notes/Information System Security/images/Screenshot from 2024-11-15 12-09-09.png Graphic file (type png)
<use /home/lorenzo/Notes/Information System Security/images/Screenshot from 2024-11-15 12-09-09.png>
Package pdftex.def Info: /home/lorenzo/Notes/Information System Security/images/Screenshot from 2024-11-15 12-09-09.png  used on input line 302.
(pdftex.def)             Requested size: 147.07132pt x 92.14767pt.

Overfull \hbox (15.0pt too wide) in paragraph at lines 304--304
[][] 
 []

</home/lorenzo/Notes/Information System Security/images/Screenshot from 2024-11-15 12-43-33.png, id=297, 536.0025pt x 192.72pt>
File: /home/lorenzo/Notes/Information System Security/images/Screenshot from 2024-11-15 12-43-33.png Graphic file (type png)
<use /home/lorenzo/Notes/Information System Security/images/Screenshot from 2024-11-15 12-43-33.png>
Package pdftex.def Info: /home/lorenzo/Notes/Information System Security/images/Screenshot from 2024-11-15 12-43-33.png  used on input line 322.
(pdftex.def)             Requested size: 204.85672pt x 73.65486pt.

Overfull \hbox (9.80055pt too wide) in paragraph at lines 307--324
$[]$   $[]$ 
 []


pdfTeX warning (ext4): destination with the same identifier (name{tcb@cnt@quotebox.2}) has been already used, duplicate ignored
<to be read again> 
                   \relax 
l.329 ...ck=blue!5!white]{Asymmetric CRA analysis}
                                                  
Overfull \hbox (4.11009pt too wide) in paragraph at lines 330--348
[]$[]$   $[]$ 
 []

[7 </home/lorenzo/Notes/Information System Security/images/Screenshot from 2024-11-14 18-31-56.png> </home/lorenzo/Notes/Information System Security/images/Screenshot from 2024-11-15 11-52-51.png> </home/lorenzo/Notes/Information System Security/images/Screenshot from 2024-11-15 12-04-56.png> </home/lorenzo/Notes/Information System Security/images/Screenshot from 2024-11-15 12-09-09.png> </home/lorenzo/Notes/Information System Security/images/Screenshot from 2024-11-15 12-43-33.png>]
</home/lorenzo/Notes/Information System Security/images/Screenshot from 2024-11-15 13-11-17.png, id=311, 538.01pt x 263.98625pt>
File: /home/lorenzo/Notes/Information System Security/images/Screenshot from 2024-11-15 13-11-17.png Graphic file (type png)
<use /home/lorenzo/Notes/Information System Security/images/Screenshot from 2024-11-15 13-11-17.png>
Package pdftex.def Info: /home/lorenzo/Notes/Information System Security/images/Screenshot from 2024-11-15 13-11-17.png  used on input line 358.
(pdftex.def)             Requested size: 163.88599pt x 80.41296pt.

Overfull \hbox (18.33646pt too wide) in paragraph at lines 351--360
$[]$   $[]$ 
 []


Underfull \hbox (badness 10000) in paragraph at lines 367--371

 []

Package mdframed Info: mdframed works in twoside mode on input line 371.
Package mdframed Info: mdframed detected package amsthm 
 changed the theorem header of amsthm
(mdframed)              on input line 371.
Package mdframed Info: mdframed works in twoside mode on input line 388.
Package mdframed Info: mdframed detected package amsthm 
 changed the theorem header of amsthm
(mdframed)              on input line 388.
Package mdframed Info: mdframed inside a box 
 mdframed uses option nobreak mdframed on input line 393.
</home/lorenzo/Notes/Information System Security/images/Screenshot from 2024-11-16 10-54-11.png, id=312, 777.90625pt x 328.22626pt>
File: /home/lorenzo/Notes/Information System Security/images/Screenshot from 2024-11-16 10-54-11.png Graphic file (type png)
<use /home/lorenzo/Notes/Information System Security/images/Screenshot from 2024-11-16 10-54-11.png>
Package pdftex.def Info: /home/lorenzo/Notes/Information System Security/images/Screenshot from 2024-11-16 10-54-11.png  used on input line 399.
(pdftex.def)             Requested size: 230.46576pt x 97.2416pt.

Overfull \hbox (12.64601pt too wide) in paragraph at lines 384--401
$[]$   $[]$ 
 []

Package mdframed Info: mdframed works in twoside mode on input line 404.
Package mdframed Info: mdframed detected package amsthm 
 changed the theorem header of amsthm
(mdframed)              on input line 404.
Package mdframed Info: mdframed works in twoside mode on input line 412.
Package mdframed Info: mdframed detected package amsthm 
 changed the theorem header of amsthm
(mdframed)              on input line 412.
Package mdframed Info: mdframed works in twoside mode on input line 420.
Package mdframed Info: mdframed detected package amsthm 
 changed the theorem header of amsthm
(mdframed)              on input line 420.
Package mdframed Info: Not enough space on this page on input line 428.
[8 </home/lorenzo/Notes/Information System Security/images/Screenshot from 2024-11-15 13-11-17.png> </home/lorenzo/Notes/Information System Security/images/Screenshot from 2024-11-16 10-54-11.png>]
Package mdframed Info: Not enough space on this page on input line 428.

pdfTeX warning (ext4): destination with the same identifier (name{tcb@cnt@quotebox.1}) has been already used, duplicate ignored
<to be read again> 
                   \relax 
l.430 ...lback=blue!5!white]{Example: RSA SecurID}
                                                  
</home/lorenzo/Notes/Information System Security/images/Screenshot from 2024-11-16 12-00-37.png, id=321, 810.02625pt x 440.64626pt>
File: /home/lorenzo/Notes/Information System Security/images/Screenshot from 2024-11-16 12-00-37.png Graphic file (type png)
<use /home/lorenzo/Notes/Information System Security/images/Screenshot from 2024-11-16 12-00-37.png>
Package pdftex.def Info: /home/lorenzo/Notes/Information System Security/images/Screenshot from 2024-11-16 12-00-37.png  used on input line 445.
(pdftex.def)             Requested size: 161.77934pt x 88.00665pt.

Overfull \hbox (14.70802pt too wide) in paragraph at lines 445--446
 [][] 
 []


Overfull \hbox (15.0pt too wide) in paragraph at lines 447--447
[][] 
 []


pdfTeX warning (ext4): destination with the same identifier (name{tcb@cnt@quotebox-grey.1}) has been already used, duplicate ignored
<to be read again> 
                   \relax 
l.461 ...nce of MFA: The iPhone Ransomware (2014)}
                                                  
Overfull \hbox (15.0pt too wide) in paragraph at lines 463--463
[][] 
 []


pdfTeX warning (ext4): destination with the same identifier (name{tcb@cnt@quotebox-red.1}) has been already used, duplicate ignored
<to be read again> 
                   \relax 
l.474 ...tebox-red}{Problems of biometric systems}
                                                  {
</home/lorenzo/Notes/Information System Security/images/Screenshot from 2024-11-16 15-05-31.png, id=322, 855.195pt x 497.86pt>
File: /home/lorenzo/Notes/Information System Security/images/Screenshot from 2024-11-16 15-05-31.png Graphic file (type png)
<use /home/lorenzo/Notes/Information System Security/images/Screenshot from 2024-11-16 15-05-31.png>
Package pdftex.def Info: /home/lorenzo/Notes/Information System Security/images/Screenshot from 2024-11-16 15-05-31.png  used on input line 483.
(pdftex.def)             Requested size: 98.04504pt x 57.07417pt.

Overfull \hbox (43.98569pt too wide) in paragraph at lines 477--485
[]$[]$   $[]$ 
 []


Overfull \hbox (15.0pt too wide) in paragraph at lines 490--490
[][] 
 []

[9 </home/lorenzo/Notes/Information System Security/images/Screenshot from 2024-11-16 12-00-37.png> </home/lorenzo/Notes/Information System Security/images/Screenshot from 2024-11-16 15-05-31.png>]
</home/lorenzo/Notes/Information System Security/images/Screenshot from 2024-11-16 15-19-27.png, id=330, 148.555pt x 350.30875pt>
File: /home/lorenzo/Notes/Information System Security/images/Screenshot from 2024-11-16 15-19-27.png Graphic file (type png)
<use /home/lorenzo/Notes/Information System Security/images/Screenshot from 2024-11-16 15-19-27.png>
Package pdftex.def Info: /home/lorenzo/Notes/Information System Security/images/Screenshot from 2024-11-16 15-19-27.png  used on input line 504.
(pdftex.def)             Requested size: 35.33801pt x 83.33282pt.

Overfull \hbox (21.18495pt too wide) in paragraph at lines 493--506
$[]$   $[]$ 
 []

</home/lorenzo/Notes/Information System Security/images/Screenshot from 2024-11-16 16-35-14.png, id=331, 773.89125pt x 379.4175pt>
File: /home/lorenzo/Notes/Information System Security/images/Screenshot from 2024-11-16 16-35-14.png Graphic file (type png)
<use /home/lorenzo/Notes/Information System Security/images/Screenshot from 2024-11-16 16-35-14.png>
Package pdftex.def Info: /home/lorenzo/Notes/Information System Security/images/Screenshot from 2024-11-16 16-35-14.png  used on input line 519.
(pdftex.def)             Requested size: 256.07481pt x 125.54395pt.
Package mdframed Info: mdframed works in twoside mode on input line 526.
Package mdframed Info: mdframed detected package amsthm 
 changed the theorem header of amsthm
(mdframed)              on input line 526.
Package mdframed Info: mdframed inside a box 
 mdframed uses option nobreak mdframed on input line 532.
</home/lorenzo/Notes/Information System Security/images/Screenshot from 2024-11-16 17-02-07.png, id=332, 773.89125pt x 327.2225pt>
File: /home/lorenzo/Notes/Information System Security/images/Screenshot from 2024-11-16 17-02-07.png Graphic file (type png)
<use /home/lorenzo/Notes/Information System Security/images/Screenshot from 2024-11-16 17-02-07.png>
Package pdftex.def Info: /home/lorenzo/Notes/Information System Security/images/Screenshot from 2024-11-16 17-02-07.png  used on input line 537.
(pdftex.def)             Requested size: 199.74083pt x 84.4567pt.

Overfull \hbox (46.09439pt too wide) in paragraph at lines 537--538
 [][] 
 []

Package mdframed Info: mdframed works in twoside mode on input line 545.
Package mdframed Info: mdframed detected package amsthm 
 changed the theorem header of amsthm
(mdframed)              on input line 545.

Underfull \hbox (badness 2221) in paragraph at lines 546--547
\T1/cmr/m/n/9 get de-vice, $[] \OML/cmm/m/it/9 KTGS$ $\OMS/cmsy/m/n/9 !$ \T1/cmr/m/n/9 TGS ticket and
 []

Package mdframed Info: mdframed inside a box 
 mdframed uses option nobreak mdframed on input line 554.
</home/lorenzo/Notes/Information System Security/images/Screenshot from 2024-11-16 17-21-43.png, id=333, 773.89125pt x 360.34625pt>
File: /home/lorenzo/Notes/Information System Security/images/Screenshot from 2024-11-16 17-21-43.png Graphic file (type png)
<use /home/lorenzo/Notes/Information System Security/images/Screenshot from 2024-11-16 17-21-43.png>
Package pdftex.def Info: /home/lorenzo/Notes/Information System Security/images/Screenshot from 2024-11-16 17-21-43.png  used on input line 559.
(pdftex.def)             Requested size: 215.10406pt x 100.15947pt.

Overfull \hbox (61.45763pt too wide) in paragraph at lines 559--560
 [][] 
 []


Underfull \hbox (badness 10000) in paragraph at lines 540--561

 []

Package mdframed Info: mdframed works in twoside mode on input line 566.
Package mdframed Info: mdframed detected package amsthm 
 changed the theorem header of amsthm
(mdframed)              on input line 566.

Underfull \hbox (badness 1275) in paragraph at lines 569--570
[]\T1/cmr/m/n/9 The au-then-ti-ca-tor en-crypted us-ing the ses-sion key
 []

Package mdframed Info: mdframed inside a box 
 mdframed uses option nobreak mdframed on input line 573.
</home/lorenzo/Notes/Information System Security/images/Screenshot from 2024-11-16 17-41-06.png, id=334, 739.76375pt x 342.27875pt>
File: /home/lorenzo/Notes/Information System Security/images/Screenshot from 2024-11-16 17-41-06.png Graphic file (type png)
<use /home/lorenzo/Notes/Information System Security/images/Screenshot from 2024-11-16 17-41-06.png>
Package pdftex.def Info: /home/lorenzo/Notes/Information System Security/images/Screenshot from 2024-11-16 17-41-06.png  used on input line 578.
(pdftex.def)             Requested size: 215.10406pt x 99.52464pt.

Overfull \hbox (61.45763pt too wide) in paragraph at lines 578--579
 [][] 
 []


Underfull \hbox (badness 10000) in paragraph at lines 562--580

 []

[10 </home/lorenzo/Notes/Information System Security/images/Screenshot from 2024-11-16 15-19-27.png> </home/lorenzo/Notes/Information System Security/images/Screenshot from 2024-11-16 16-35-14.png> </home/lorenzo/Notes/Information System Security/images/Screenshot from 2024-11-16 17-02-07.png> </home/lorenzo/Notes/Information System Security/images/Screenshot from 2024-11-16 17-21-43.png>]

LaTeX Font Warning: Font shape `T1/cmr/m/n' in size <7.50009> not available
(Font)              size <8> substituted on input line 606.

LaTeX Font Info:    Calculating math sizes for size <7.50009> on input line 606.

LaTeX Font Warning: Font shape `OT1/cmr/m/n' in size <7.50009> not available
(Font)              size <8> substituted on input line 606.


LaTeX Font Warning: Font shape `OT1/cmr/m/n' in size <3.75005> not available
(Font)              size <5> substituted on input line 606.


LaTeX Font Warning: Font shape `OML/cmm/m/it' in size <7.50009> not available
(Font)              size <8> substituted on input line 606.


LaTeX Font Warning: Font shape `OML/cmm/m/it' in size <3.75005> not available
(Font)              size <5> substituted on input line 606.


LaTeX Font Warning: Font shape `OMS/cmsy/m/n' in size <7.50009> not available
(Font)              size <8> substituted on input line 606.


LaTeX Font Warning: Font shape `OMS/cmsy/m/n' in size <3.75005> not available
(Font)              size <5> substituted on input line 606.

[11 </home/lorenzo/Notes/Information System Security/images/Screenshot from 2024-11-16 17-41-06.png>]) [12]
\openout2 = `chapters/firewall.aux'.

 (./chapters/firewall.tex
Chapter 2.
</home/lorenzo/Notes/Information System Security/images/Screenshot from 2024-11-21 15-09-40.png, id=361, 1009.7725pt x 405.515pt>
File: /home/lorenzo/Notes/Information System Security/images/Screenshot from 2024-11-21 15-09-40.png Graphic file (type png)
<use /home/lorenzo/Notes/Information System Security/images/Screenshot from 2024-11-21 15-09-40.png>
Package pdftex.def Info: /home/lorenzo/Notes/Information System Security/images/Screenshot from 2024-11-21 15-09-40.png  used on input line 15.
(pdftex.def)             Requested size: 204.85672pt x 82.26483pt.

Overfull \hbox (18.33646pt too wide) in paragraph at lines 3--17
$[]$   $[]$ 
 []

</home/lorenzo/Notes/Information System Security/images/Screenshot from 2024-11-21 15-43-10.png, id=362, 1019.81pt x 528.97626pt>
File: /home/lorenzo/Notes/Information System Security/images/Screenshot from 2024-11-21 15-43-10.png Graphic file (type png)
<use /home/lorenzo/Notes/Information System Security/images/Screenshot from 2024-11-21 15-43-10.png>
Package pdftex.def Info: /home/lorenzo/Notes/Information System Security/images/Screenshot from 2024-11-21 15-43-10.png  used on input line 57.
(pdftex.def)             Requested size: 256.07481pt x 132.82487pt.

pdfTeX warning (ext4): destination with the same identifier (name{tcb@cnt@quotebox-yellow.1}) has been already used, duplicate ignored
<to be read again> 
                   \relax 
l.59 \begin{quotebox-yellow}{To undersand:}
                                            [13




 </home/lorenzo/Notes/Information System Security/images/Screenshot from 2024-11-21 15-09-40.png>]
Overfull \hbox (15.0pt too wide) in paragraph at lines 62--62
[][] 
 []

[14 </home/lorenzo/Notes/Information System Security/images/Screenshot from 2024-11-21 15-43-10.png>]
</home/lorenzo/Notes/Information System Security/images/Screenshot from 2024-11-21 17-21-05.png, id=378, 853.1875pt x 127.47626pt>
File: /home/lorenzo/Notes/Information System Security/images/Screenshot from 2024-11-21 17-21-05.png Graphic file (type png)
<use /home/lorenzo/Notes/Information System Security/images/Screenshot from 2024-11-21 17-21-05.png>
Package pdftex.def Info: /home/lorenzo/Notes/Information System Security/images/Screenshot from 2024-11-21 17-21-05.png  used on input line 139.
(pdftex.def)             Requested size: 184.37524pt x 27.5469pt.

Overfull \hbox (30.7288pt too wide) in paragraph at lines 139--140
 [][] 
 []


pdfTeX warning (ext4): destination with the same identifier (name{tcb@cnt@quotebox-grey.1}) has been already used, duplicate ignored
<to be read again> 
                   \relax 
l.142 \begin{quotebox-grey}{Type of Proxies}
                                            
Overfull \hbox (15.0pt too wide) in paragraph at lines 147--147
[][] 
 []


pdfTeX warning (ext4): destination with the same identifier (name{tcb@cnt@quotebox.1}) has been already used, duplicate ignored
<to be read again> 
                   \relax 
l.149 ...]{Reverse proxy: possibile configuration}
                                                  
</home/lorenzo/Notes/Information System Security/images/Screenshot from 2024-11-21 17-38-55.png, id=379, 1000.73875pt x 513.92pt>
File: /home/lorenzo/Notes/Information System Security/images/Screenshot from 2024-11-21 17-38-55.png Graphic file (type png)
<use /home/lorenzo/Notes/Information System Security/images/Screenshot from 2024-11-21 17-38-55.png>
Package pdftex.def Info: /home/lorenzo/Notes/Information System Security/images/Screenshot from 2024-11-21 17-38-55.png  used on input line 163.
(pdftex.def)             Requested size: 220.60324pt x 113.2823pt.

Underfull \hbox (badness 10000) in paragraph at lines 150--184

 []


Underfull \hbox (badness 10000) in paragraph at lines 150--184

 []


Underfull \hbox (badness 10000) in paragraph at lines 150--184

 []


Overfull \hbox (15.0pt too wide) in paragraph at lines 184--184
[][] 
 []

[15 </home/lorenzo/Notes/Information System Security/images/Screenshot from 2024-11-21 17-21-05.png> </home/lorenzo/Notes/Information System Security/images/Screenshot from 2024-11-21 17-38-55.png>]
pdfTeX warning (ext4): destination with the same identifier (name{tcb@cnt@quotebox-yellow.1}) has been already used, duplicate ignored
<to be read again> 
                   \relax 
l.200 \begin{quotebox-yellow}{What it does?}
                                            
</home/lorenzo/Notes/Information System Security/images/Screenshot from 2024-11-21 19-10-09.png, id=386, 874.26625pt x 495.8525pt>
File: /home/lorenzo/Notes/Information System Security/images/Screenshot from 2024-11-21 19-10-09.png Graphic file (type png)
<use /home/lorenzo/Notes/Information System Security/images/Screenshot from 2024-11-21 19-10-09.png>
Package pdftex.def Info: /home/lorenzo/Notes/Information System Security/images/Screenshot from 2024-11-21 19-10-09.png  used on input line 216.
(pdftex.def)             Requested size: 204.86063pt x 116.18488pt.

Overfull \hbox (17.05505pt too wide) in paragraph at lines 204--218
[]$[]$  $[]$ 
 []


pdfTeX warning (ext4): destination with the same identifier (name{tcb@cnt@quotebox-red.1}) has been already used, duplicate ignored
<to be read again> 
                   \relax 
l.219     \begin{quotebox-red}{Beware}
                                      
pdfTeX warning (ext4): destination with the same identifier (name{tcb@cnt@quotebox-yellow.2}) has been already used, duplicate ignored
<to be read again> 
                   \relax 
l.225 \begin{quotebox-yellow}{What it does?}
                                            ) [16 </home/lorenzo/Notes/Information System Security/images/Screenshot from 2024-11-21 19-10-09.png>] (./main.aux (./chapters/prova.aux) (./chapters/firewall.aux))
 ***********
LaTeX2e <2023-11-01> patch level 1
L3 programming layer <2024-01-22>
 ***********


LaTeX Font Warning: Size substitutions with differences
(Font)              up to 1.65205pt have occurred.

Package rerunfilecheck Info: File `main.out' has not changed.
(rerunfilecheck)             Checksum: 5EF0C96982E4015C14B7D98147D3FBA1;8243.
 ) 
Here is how much of TeX's memory you used:
 25899 strings out of 474222
 485737 string characters out of 5748732
 1943975 words of memory out of 5000000
 47618 multiletter control sequences out of 15000+600000
 579416 words of font info for 92 fonts, out of 8000000 for 9000
 1141 hyphenation exceptions out of 8191
 108i,12n,107p,763b,630s stack positions out of 10000i,1000n,20000p,200000b,200000s
</usr/share/texlive/texmf-dist/fonts/type1/public/amsfonts/cm/cmmi6.pfb></usr/share/texlive/texmf-dist/fonts/type1/public/amsfonts/cm/cmmi9.pfb></usr/share/texlive/texmf-dist/fonts/type1/public/amsfonts/cm/cmr6.pfb></usr/share/texlive/texmf-dist/fonts/type1/public/amsfonts/cm/cmr9.pfb></usr/share/texlive/texmf-dist/fonts/type1/public/amsfonts/cm/cmsy6.pfb></usr/share/texlive/texmf-dist/fonts/type1/public/amsfonts/cm/cmsy9.pfb></usr/share/texmf/fonts/type1/public/cm-super/sfbx0900.pfb></usr/share/texmf/fonts/type1/public/cm-super/sfbx1095.pfb></usr/share/texmf/fonts/type1/public/cm-super/sfbx1200.pfb></usr/share/texmf/fonts/type1/public/cm-super/sfbx1728.pfb></usr/share/texmf/fonts/type1/public/cm-super/sfbx2074.pfb></usr/share/texmf/fonts/type1/public/cm-super/sfrm0500.pfb></usr/share/texmf/fonts/type1/public/cm-super/sfrm0600.pfb></usr/share/texmf/fonts/type1/public/cm-super/sfrm0800.pfb></usr/share/texmf/fonts/type1/public/cm-super/sfrm0900.pfb></usr/share/texmf/fonts/type1/public/cm-super/sfrm1095.pfb></usr/share/texmf/fonts/type1/public/cm-super/sfrm1440.pfb></usr/share/texmf/fonts/type1/public/cm-super/sfti0900.pfb>
Output written on main.pdf (16 pages, 1492519 bytes).
PDF statistics:
 495 PDF objects out of 1000 (max. 8388607)
 390 compressed objects within 4 object streams
 91 named destinations out of 1000 (max. 500000)
 480 words of extra memory for PDF output out of 10000 (max. 10000000)

