\BOOKMARK [0][-]{chapter.1}{\376\377\000A\000u\000t\000h\000e\000n\000t\000i\000c\000a\000t\000i\000o\000n\000\040\000t\000e\000c\000h\000i\000n\000i\000q\000u\000e\000s\000\040\000p\000r\000o\000t\000o\000c\000o\000l\000s\000,\000\040\000a\000n\000d\000\040\000a\000r\000c\000h\000i\000t\000e\000c\000u\000r\000e\000s}{}% 1
\BOOKMARK [1][-]{section.1.1}{\376\377\000A\000u\000t\000h\000e\000n\000t\000i\000c\000a\000t\000i\000o\000n\000\040\000f\000a\000c\000t\000o\000r\000s}{chapter.1}% 2
\BOOKMARK [2][-]{subsection.1.1.1}{\376\377\000R\000i\000s\000k\000s}{section.1.1}% 3
\BOOKMARK [1][-]{section.1.2}{\376\377\000D\000i\000g\000i\000t\000a\000l\000\040\000A\000u\000t\000h\000e\000n\000t\000i\000c\000a\000t\000i\000o\000n\000\040\000m\000o\000d\000e\000l\000\040\000\050\000N\000I\000S\000T\000\040\000S\000P\0008\0000\0000\000.\0006\0003\000B\000\051}{chapter.1}% 4
\BOOKMARK [1][-]{section.1.3}{\376\377\000G\000e\000n\000e\000r\000i\000c\000\040\000a\000u\000t\000h\000e\000n\000t\000i\000c\000a\000t\000i\000o\000n\000\040\000p\000r\000o\000t\000o\000c\000o\000l}{chapter.1}% 5
\BOOKMARK [1][-]{section.1.4}{\376\377\000P\000a\000s\000s\000w\000o\000r\000d\000\040\000b\000a\000s\000e\000\040\000a\000u\000t\000h\000e\000n\000t\000i\000c\000a\000t\000i\000o\000n}{chapter.1}% 6
\BOOKMARK [1][-]{section.1.5}{\376\377\000T\000h\000e\000\040\000"\000d\000i\000c\000t\000i\000o\000n\000a\000r\000y\000"\000\040\000a\000t\000t\000a\000c\000k}{chapter.1}% 7
\BOOKMARK [1][-]{section.1.6}{\376\377\000R\000a\000i\000n\000b\000o\000w\000\040\000T\000a\000b\000l\000e\000\040\000a\000t\000t\000a\000c\000k}{chapter.1}% 8
\BOOKMARK [1][-]{section.1.7}{\376\377\000S\000a\000l\000t\000i\000n\000g\000\040\000P\000a\000s\000s\000w\000o\000r\000d\000s\000:\000\040\000A\000\040\000D\000e\000f\000e\000n\000s\000e\000\040\000A\000g\000a\000i\000n\000s\000t\000\040\000D\000i\000c\000t\000i\000o\000n\000a\000r\000y\000\040\000a\000n\000d\000\040\000R\000a\000i\000n\000b\000o\000w\000\040\000T\000a\000b\000l\000e\000\040\000A\000t\000t\000a\000c\000k\000s}{chapter.1}% 9
\BOOKMARK [1][-]{section.1.8}{\376\377\000S\000t\000r\000o\000n\000g\000\040\000a\000u\000t\000h\000e\000n\000t\000i\000c\000a\000t\000i\000o\000n\000\040\000d\000e\000f\000i\000n\000i\000t\000i\000o\000n\000s}{chapter.1}% 10
\BOOKMARK [1][-]{section.1.9}{\376\377\000C\000h\000a\000l\000l\000e\000n\000g\000e\000-\000R\000e\000s\000p\000o\000n\000s\000e\000\040\000A\000u\000t\000h\000e\000n\000t\000i\000c\000a\000t\000i\000o\000n\000\040\000\050\000C\000R\000A\000\051}{chapter.1}% 11
\BOOKMARK [2][-]{subsection.1.9.1}{\376\377\000S\000y\000m\000m\000e\000t\000r\000i\000c\000\040\000C\000R\000A}{section.1.9}% 12
\BOOKMARK [2][-]{subsection.1.9.2}{\376\377\000M\000u\000t\000u\000a\000l\000\040\000s\000y\000m\000m\000e\000t\000r\000i\000c\000\040\000C\000R\000A}{section.1.9}% 13
\BOOKMARK [2][-]{subsection.1.9.3}{\376\377\000A\000s\000y\000m\000m\000e\000t\000r\000i\000c\000\040\000C\000R\000A}{section.1.9}% 14
\BOOKMARK [1][-]{section.1.10}{\376\377\000O\000n\000e\000-\000T\000i\000m\000e\000\040\000P\000a\000s\000s\000w\000o\000r\000d\000\050\000O\000T\000P\000\051}{chapter.1}% 15
\BOOKMARK [2][-]{subsection.1.10.1}{\376\377\000S\000/\000K\000E\000Y\000\040\000S\000y\000s\000t\000e\000m}{section.1.10}% 16
\BOOKMARK [2][-]{subsection.1.10.2}{\376\377\000T\000i\000m\000e\000-\000b\000a\000s\000e\000d\000\040\000O\000T\000P\000\040\000\050\000T\000O\000P\000T\000\051}{section.1.10}% 17
\BOOKMARK [2][-]{subsection.1.10.3}{\376\377\000O\000u\000t\000-\000o\000f\000-\000B\000a\000n\000d\000\040\000\050\000O\000O\000B\000\051\000\040\000O\000T\000P\000\040\000S\000u\000m\000m\000a\000r\000y}{section.1.10}% 18
\BOOKMARK [2][-]{subsection.1.10.4}{\376\377\000T\000w\000o\000-\000/\000M\000u\000l\000t\000i\000-\000F\000a\000c\000t\000o\000r\000\040\000A\000u\000t\000h\000e\000n\000t\000i\000c\000a\000t\000i\000o\000n\000\040\000\050\0002\000F\000A\000/\000M\000F\000A\000\051}{section.1.10}% 19
\BOOKMARK [1][-]{section.1.11}{\376\377\000A\000u\000t\000h\000e\000n\000t\000i\000c\000a\000t\000i\000o\000n\000\040\000o\000f\000\040\000h\000u\000m\000a\000n\000\040\000b\000e\000i\000n\000g\000s}{chapter.1}% 20
\BOOKMARK [1][-]{section.1.12}{\376\377\000K\000e\000r\000b\000e\000r\000o\000s\000\040\000A\000u\000t\000h\000e\000n\000t\000i\000c\000a\000t\000i\000o\000n\000\040\000S\000y\000s\000t\000e\000m}{chapter.1}% 21
\BOOKMARK [2][-]{subsection.1.12.1}{\376\377\000P\000l\000a\000y\000e\000r\000s}{section.1.12}% 22
\BOOKMARK [2][-]{subsection.1.12.2}{\376\377\000H\000o\000w\000\040\000i\000t\000\040\000W\000o\000r\000k\000s\000?}{section.1.12}% 23
\BOOKMARK [2][-]{subsection.1.12.3}{\376\377\000S\000i\000n\000g\000l\000e\000\040\000S\000i\000g\000n\000-\000O\000n\000\040\000\050\000S\000S\000O\000\051}{section.1.12}% 24
\BOOKMARK [1][-]{section.1.13}{\376\377\000A\000u\000t\000h\000e\000n\000t\000i\000c\000a\000t\000i\000o\000n\000\040\000I\000n\000t\000e\000r\000o\000p\000e\000r\000a\000b\000i\000l\000i\000t\000y}{chapter.1}% 25
\BOOKMARK [2][-]{subsection.1.13.1}{\376\377\000O\000A\000T\000H}{section.1.13}% 26
\BOOKMARK [2][-]{subsection.1.13.2}{\376\377\000G\000o\000o\000g\000l\000e\000\040\000A\000u\000t\000h\000e\000n\000t\000i\000c\000a\000t\000o\000r}{section.1.13}% 27
\BOOKMARK [2][-]{subsection.1.13.3}{\376\377\000F\000I\000D\000O\000\040\000\050\000F\000a\000s\000t\000\040\000I\000d\000e\000n\000t\000i\000t\000y\000\040\000O\000n\000l\000i\000n\000e\000\051}{section.1.13}% 28
